<html>
<head>
<title>TestNG:  BDD Test</title>
<link href="../testng.css" rel="stylesheet" type="text/css" />
<link href="../my-testng.css" rel="stylesheet" type="text/css" />

<style type="text/css">
.log { display: none;} 
.stack-trace { display: none;} 
</style>
<script type="text/javascript">
<!--
function flip(e) {
  current = e.style.display;
  if (current == 'block') {
    e.style.display = 'none';
    return 0;
  }
  else {
    e.style.display = 'block';
    return 1;
  }
}

function toggleBox(szDivId, elem, msg1, msg2)
{
  var res = -1;  if (document.getElementById) {
    res = flip(document.getElementById(szDivId));
  }
  else if (document.all) {
    // this is the way old msie versions work
    res = flip(document.all[szDivId]);
  }
  if(elem) {
    if(res == 0) elem.innerHTML = msg1; else elem.innerHTML = msg2;
  }

}

function toggleAllBoxes() {
  if (document.getElementsByTagName) {
    d = document.getElementsByTagName('div');
    for (i = 0; i < d.length; i++) {
      if (d[i].className == 'log') {
        flip(d[i]);
      }
    }
  }
}

// -->
</script>

</head>
<body>
<h2 align='center'>BDD Test</h2><table border='1' align="center">
<tr>
<td>Tests passed/Failed/Skipped:</td><td>3/1/0</td>
</tr><tr>
<td>Started on:</td><td>Mon Jan 01 12:17:40 IST 2018</td>
</tr>
<tr><td>Total time:</td><td>91 seconds (91394 ms)</td>
</tr><tr>
<td>Included groups:</td><td></td>
</tr><tr>
<td>Excluded groups:</td><td></td>
</tr>
</table><p/>
<small><i>(Hover the method name to see the test class name)</i></small><p/>
<table width='100%' border='1' class='invocation-failed'>
<tr><td colspan='4' align='center'><b>FAILED TESTS</b></td></tr>
<tr><td><b>Test method</b></td>
<td width="30%"><b>Exception</b></td>
<td width="10%"><b>Time (seconds)</b></td>
<td><b>Instance</b></td>
</tr>
<tr>
<td title='com.qmetry.qaf.automation.step.client.DataDrivenScenario.FlipKartWebOrderVerificationDataDriven()'><b>FlipKartWebOrderVerificationDataDriven</b><br>Test class: com.qmetry.qaf.automation.step.client.DataDrivenScenario (FlipKartWebOrderVerificationDataDriven)<br>Test method: end to end data driven<br>Parameters: {mainCategory=Appliances, subCategory=Single Door, sortby=Newest First, filterBy=LG, productNumber=1, assured=flipkart assured}<br/>
<a href="#Output-648315947" onClick='toggleBox("Output-648315947", this, "Show output", "Hide output");'>Show output</a>

<a href="#Output-648315947" onClick="toggleAllBoxes();">Show all outputs</a>
<div class='log' id="Output-648315947">
<div style="display:block;margin-left:10px;"><div  class="teststepfail"><span class="teststepfail-label">T </span>Given user is on flipkart homepage <a href="test-results/01_Jan_2018_12_17_PM/img/FlipKartWebOrderVerificationDataDriven_1m2ybwsspe6220450.png" target="_blank">[View Screenshot]</a> </div><div style="display:block;margin-left:10px;"><div  class="fail"><span class="fail-label">F </span>Timed out after 30 seconds waiting for presence of element located by: Using any of[css=button[class='_2AkmmA _29YdH8'], css=a[class='_2etDcX _2487fi']]
Build info: version: '2.53.0', revision: '35ae25b1534ae328c771e0856c93e187490ca824', time: '2016-03-15 10:43:46'
System info: host: 'ICPL12426', ip: '10.11.31.180', os.name: 'Windows 10', os.arch: 'amd64', os.version: '10.0', java.version: '1.8.0_151'
Driver info: driver.version: QAFExtendedWebDriver</div></div><div  class="teststep"><span class="teststep-label">T </span>When user selects product ${subCategory} from ${mainCategory} category</div><div  class="teststep"><span class="teststep-label">T </span>Then user should see product results</div><div  class="teststep"><span class="teststep-label">T </span>When user select sortby ${sortby}</div><div  class="teststep"><span class="teststep-label">T </span>And user select filterby ${filterBy} brand</div><div  class="teststep"><span class="teststep-label">T </span>Then user should see only product results</div><div  class="teststep"><span class="teststep-label">T </span>When user selects ${productNumber} product from product list</div><div  class="teststep"><span class="teststep-label">T </span>Then user should see product details matching correctly</div><div  class="teststep"><span class="teststep-label">T </span>When user selects view details</div><div  class="teststep"><span class="teststep-label">T </span>Then user should see ${assured}</div><div  class="teststep"><span class="teststep-label">T </span>When user selects add to cart</div><div  class="teststep"><span class="teststep-label">T </span>Then product has been added to the cart</div></div><br/>
</div>
</td>
<td><div><pre>org.openqa.selenium.TimeoutException: Timed out after 30 seconds waiting for presence of element located by: Using any of[css=button[class=&apos;_2AkmmA _29YdH8&apos;], css=a[class=&apos;_2etDcX _2487fi&apos;]]
Build info: version: &apos;2.53.0&apos;, revision: &apos;35ae25b1534ae328c771e0856c93e187490ca824&apos;, time: &apos;2016-03-15 10:43:46&apos;
System info: host: &apos;ICPL12426&apos;, ip: &apos;10.11.31.180&apos;, os.name: &apos;Windows 10&apos;, os.arch: &apos;amd64&apos;, os.version: &apos;10.0&apos;, java.version: &apos;1.8.0_151&apos;
Driver info: driver.version: QAFExtendedWebDriver
	at .Given user is on flipkart homepage(scenarios/FlipKartOrderVerification.bdd:25)
	at org.openqa.selenium.support.ui.FluentWait.timeoutException(FluentWait.java:292)
	at org.openqa.selenium.support.ui.FluentWait.until(FluentWait.java:261)
	at com.qmetry.qaf.automation.ui.webdriver.QAFExtendedWebDriver.load(QAFExtendedWebDriver.java:214)
	at com.qmetry.qaf.automation.ui.webdriver.QAFExtendedWebElement.load(QAFExtendedWebElement.java:284)
	at com.qmetry.qaf.automation.ui.webdriver.QAFExtendedWebElement.getId(QAFExtendedWebElement.java:294)
	at com.qmetry.qaf.automation.ui.webdriver.QAFExtendedWebElement.isDisplayed(QAFExtendedWebElement.java:314)
	at com.praveen_flipkart_webautomation.flipkartPages.FlipkartHomePageTestPage.validateHomepageTitle(FlipkartHomePageTestPage.java:47)
	at com.praveen_flipkart_webautomation.StepsBackLog.userIsOnFlipkartHomepage(StepsBackLog.java:29)
	at com.qmetry.qaf.automation.step.JavaStep.doExecute(JavaStep.java:160)
	at com.qmetry.qaf.automation.step.BaseTestStep.execute(BaseTestStep.java:149)
	at com.qmetry.qaf.automation.step.StringTestStep.execute(StringTestStep.java:134)
	at com.qmetry.qaf.automation.step.client.Scenario.execute(Scenario.java:167)
	at com.qmetry.qaf.automation.step.client.DataDrivenScenario.scenario(DataDrivenScenario.java:95)
Caused by: org.openqa.selenium.NoSuchElementException: Cannot locate an element using Using any of[css=button[class=&apos;_2AkmmA _29YdH8&apos;], css=a[class=&apos;_2etDcX _2487fi&apos;]]
For documentation on this error, please visit: http://seleniumhq.org/exceptions/no_such_element.html
Build info: version: &apos;2.53.0&apos;, revision: &apos;35ae25b1534ae328c771e0856c93e187490ca824&apos;, time: &apos;2016-03-15 10:43:46&apos;
System info: host: &apos;ICPL12426&apos;, ip: &apos;10.11.31.180&apos;, os.name: &apos;Windows 10&apos;, os.arch: &apos;amd64&apos;, os.version: &apos;10.0&apos;, java.version: &apos;1.8.0_151&apos;
Driver info: driver.version: QAFExtendedWebDriver
	at com.qmetry.qaf.automation.ui.webdriver.ByAny.findElement(ByAny.java:54)
	at org.openqa.selenium.remote.RemoteWebDriver.findElement(RemoteWebDriver.java:355)
	at com.qmetry.qaf.automation.ui.webdriver.QAFExtendedWebDriver.findElement(QAFExtendedWebDriver.java:169)
	at com.qmetry.qaf.automation.ui.webdriver.QAFExtendedWebDriver.findElement(QAFExtendedWebDriver.java:1)
	at org.openqa.selenium.support.ui.ExpectedConditions.findElement(ExpectedConditions.java:899)
	at org.openqa.selenium.support.ui.ExpectedConditions.access$000(ExpectedConditions.java:41)
	at org.openqa.selenium.support.ui.ExpectedConditions$6.apply(ExpectedConditions.java:181)
	at org.openqa.selenium.support.ui.ExpectedConditions$6.apply(ExpectedConditions.java:178)
	at org.openqa.selenium.support.ui.FluentWait.until(FluentWait.java:238)
	at com.qmetry.qaf.automation.ui.webdriver.QAFExtendedWebDriver.load(QAFExtendedWebDriver.java:214)
	at com.qmetry.qaf.automation.ui.webdriver.QAFExtendedWebElement.load(QAFExtendedWebElement.java:284)
	at com.qmetry.qaf.automation.ui.webdriver.QAFExtendedWebElement.getId(QAFExtendedWebElement.java:294)
	at com.qmetry.qaf.automation.ui.webdriver.QAFExtendedWebElement.isDisplayed(QAFExtendedWebElement.java:314)
	at com.praveen_flipkart_webautomation.flipkartPages.FlipkartHomePageTestPage.validateHomepageTitle(FlipkartHomePageTestPage.java:47)
	at com.praveen_flipkart_webautomation.StepsBackLog.userIsOnFlipkartHomepage(StepsBackLog.java:29)
	at sun.reflect.NativeMethodAccessorImpl.invoke0(Native Method)
	at sun.reflect.NativeMethodAccessorImpl.invoke(NativeMethodAccessorImpl.java:62)
	at sun.reflect.DelegatingMethodAccessorImpl.invoke(DelegatingMethodAccessorImpl.java:43)
	at java.lang.reflect.Method.invoke(Method.java:498)
	at com.qmetry.qaf.automation.step.JavaStep.doExecute(JavaStep.java:160)
	at com.qmetry.qaf.automation.step.BaseTestStep.execute(BaseTestStep.java:149)
	at com.qmetry.qaf.automation.step.StringTestStep.execute(StringTestStep.java:134)
	at com.qmetry.qaf.automation.step.client.Scenario.execute(Scenario.java:167)
	at com.qmetry.qaf.automation.step.client.DataDrivenScenario.scenario(DataDrivenScenario.java:95)
	at sun.reflect.NativeMethodAccessorImpl.invoke0(Native Method)
	at sun.reflect.NativeMethodAccessorImpl.invoke(NativeMethodAccessorImpl.java:62)
	at sun.reflect.DelegatingMethodAccessorImpl.invoke(DelegatingMethodAccessorImpl.java:43)
	at java.lang.reflect.Method.invoke(Method.java:498)
	at org.testng.internal.MethodInvocationHelper.invokeMethod(MethodInvocationHelper.java:104)
	at org.testng.internal.Invoker.invokeMethod(Invoker.java:645)
	at org.testng.internal.Invoker.invokeTestMethod(Invoker.java:851)
	at org.testng.internal.Invoker.invokeTestMethods(Invoker.java:1177)
	at org.testng.internal.TestMethodWorker.invokeTestMethods(TestMethodWorker.java:129)
	at org.testng.internal.TestMethodWorker.run(TestMethodWorker.java:112)
	at org.testng.TestRunner.privateRun(TestRunner.java:781)
	at org.testng.TestRunner.run(TestRunner.java:635)
	at org.testng.SuiteRunner.runTest(SuiteRunner.java:387)
	at org.testng.SuiteRunner.runSequentially(SuiteRunner.java:382)
	at org.testng.SuiteRunner.privateRun(SuiteRunner.java:340)
	at org.testng.SuiteRunner.run(SuiteRunner.java:289)
	at org.testng.SuiteRunnerWorker.runSuite(SuiteRunnerWorker.java:52)
	at org.testng.SuiteRunnerWorker.run(SuiteRunnerWorker.java:86)
	at org.testng.TestNG.runSuitesSequentially(TestNG.java:1293)
	at org.testng.TestNG.runSuitesLocally(TestNG.java:1218)
	at org.testng.TestNG.runSuites(TestNG.java:1133)
	at org.testng.TestNG.run(TestNG.java:1104)
	at org.testng.remote.AbstractRemoteTestNG.run(AbstractRemoteTestNG.java:114)
	at org.testng.remote.RemoteTestNG.initAndRun(RemoteTestNG.java:251)
	at org.testng.remote.RemoteTestNG.main(RemoteTestNG.java:77)
</pre></div><a href='#' onClick='toggleBox("stack-trace648315947", this, "Click to show all stack frames", "Click to hide stack frames")'>Click to show all stack frames</a>
<div class='stack-trace' id='stack-trace648315947'><pre>org.openqa.selenium.TimeoutException: Timed out after 30 seconds waiting for presence of element located by: Using any of[css=button[class=&apos;_2AkmmA _29YdH8&apos;], css=a[class=&apos;_2etDcX _2487fi&apos;]]
Build info: version: &apos;2.53.0&apos;, revision: &apos;35ae25b1534ae328c771e0856c93e187490ca824&apos;, time: &apos;2016-03-15 10:43:46&apos;
System info: host: &apos;ICPL12426&apos;, ip: &apos;10.11.31.180&apos;, os.name: &apos;Windows 10&apos;, os.arch: &apos;amd64&apos;, os.version: &apos;10.0&apos;, java.version: &apos;1.8.0_151&apos;
Driver info: driver.version: QAFExtendedWebDriver
	at .Given user is on flipkart homepage(scenarios/FlipKartOrderVerification.bdd:25)
	at org.openqa.selenium.support.ui.FluentWait.timeoutException(FluentWait.java:292)
	at org.openqa.selenium.support.ui.FluentWait.until(FluentWait.java:261)
	at com.qmetry.qaf.automation.ui.webdriver.QAFExtendedWebDriver.load(QAFExtendedWebDriver.java:214)
	at com.qmetry.qaf.automation.ui.webdriver.QAFExtendedWebElement.load(QAFExtendedWebElement.java:284)
	at com.qmetry.qaf.automation.ui.webdriver.QAFExtendedWebElement.getId(QAFExtendedWebElement.java:294)
	at com.qmetry.qaf.automation.ui.webdriver.QAFExtendedWebElement.isDisplayed(QAFExtendedWebElement.java:314)
	at com.praveen_flipkart_webautomation.flipkartPages.FlipkartHomePageTestPage.validateHomepageTitle(FlipkartHomePageTestPage.java:47)
	at com.praveen_flipkart_webautomation.StepsBackLog.userIsOnFlipkartHomepage(StepsBackLog.java:29)
	at com.qmetry.qaf.automation.step.JavaStep.doExecute(JavaStep.java:160)
	at com.qmetry.qaf.automation.step.BaseTestStep.execute(BaseTestStep.java:149)
	at com.qmetry.qaf.automation.step.StringTestStep.execute(StringTestStep.java:134)
	at com.qmetry.qaf.automation.step.client.Scenario.execute(Scenario.java:167)
	at com.qmetry.qaf.automation.step.client.DataDrivenScenario.scenario(DataDrivenScenario.java:95)
Caused by: org.openqa.selenium.NoSuchElementException: Cannot locate an element using Using any of[css=button[class=&apos;_2AkmmA _29YdH8&apos;], css=a[class=&apos;_2etDcX _2487fi&apos;]]
For documentation on this error, please visit: http://seleniumhq.org/exceptions/no_such_element.html
Build info: version: &apos;2.53.0&apos;, revision: &apos;35ae25b1534ae328c771e0856c93e187490ca824&apos;, time: &apos;2016-03-15 10:43:46&apos;
System info: host: &apos;ICPL12426&apos;, ip: &apos;10.11.31.180&apos;, os.name: &apos;Windows 10&apos;, os.arch: &apos;amd64&apos;, os.version: &apos;10.0&apos;, java.version: &apos;1.8.0_151&apos;
Driver info: driver.version: QAFExtendedWebDriver
	at com.qmetry.qaf.automation.ui.webdriver.ByAny.findElement(ByAny.java:54)
	at org.openqa.selenium.remote.RemoteWebDriver.findElement(RemoteWebDriver.java:355)
	at com.qmetry.qaf.automation.ui.webdriver.QAFExtendedWebDriver.findElement(QAFExtendedWebDriver.java:169)
	at com.qmetry.qaf.automation.ui.webdriver.QAFExtendedWebDriver.findElement(QAFExtendedWebDriver.java:1)
	at org.openqa.selenium.support.ui.ExpectedConditions.findElement(ExpectedConditions.java:899)
	at org.openqa.selenium.support.ui.ExpectedConditions.access$000(ExpectedConditions.java:41)
	at org.openqa.selenium.support.ui.ExpectedConditions$6.apply(ExpectedConditions.java:181)
	at org.openqa.selenium.support.ui.ExpectedConditions$6.apply(ExpectedConditions.java:178)
	at org.openqa.selenium.support.ui.FluentWait.until(FluentWait.java:238)
	at com.qmetry.qaf.automation.ui.webdriver.QAFExtendedWebDriver.load(QAFExtendedWebDriver.java:214)
	at com.qmetry.qaf.automation.ui.webdriver.QAFExtendedWebElement.load(QAFExtendedWebElement.java:284)
	at com.qmetry.qaf.automation.ui.webdriver.QAFExtendedWebElement.getId(QAFExtendedWebElement.java:294)
	at com.qmetry.qaf.automation.ui.webdriver.QAFExtendedWebElement.isDisplayed(QAFExtendedWebElement.java:314)
	at com.praveen_flipkart_webautomation.flipkartPages.FlipkartHomePageTestPage.validateHomepageTitle(FlipkartHomePageTestPage.java:47)
	at com.praveen_flipkart_webautomation.StepsBackLog.userIsOnFlipkartHomepage(StepsBackLog.java:29)
	at sun.reflect.NativeMethodAccessorImpl.invoke0(Native Method)
	at sun.reflect.NativeMethodAccessorImpl.invoke(NativeMethodAccessorImpl.java:62)
	at sun.reflect.DelegatingMethodAccessorImpl.invoke(DelegatingMethodAccessorImpl.java:43)
	at java.lang.reflect.Method.invoke(Method.java:498)
	at com.qmetry.qaf.automation.step.JavaStep.doExecute(JavaStep.java:160)
	at com.qmetry.qaf.automation.step.BaseTestStep.execute(BaseTestStep.java:149)
	at com.qmetry.qaf.automation.step.StringTestStep.execute(StringTestStep.java:134)
	at com.qmetry.qaf.automation.step.client.Scenario.execute(Scenario.java:167)
	at com.qmetry.qaf.automation.step.client.DataDrivenScenario.scenario(DataDrivenScenario.java:95)
	at sun.reflect.NativeMethodAccessorImpl.invoke0(Native Method)
	at sun.reflect.NativeMethodAccessorImpl.invoke(NativeMethodAccessorImpl.java:62)
	at sun.reflect.DelegatingMethodAccessorImpl.invoke(DelegatingMethodAccessorImpl.java:43)
	at java.lang.reflect.Method.invoke(Method.java:498)
	at org.testng.internal.MethodInvocationHelper.invokeMethod(MethodInvocationHelper.java:104)
	at org.testng.internal.Invoker.invokeMethod(Invoker.java:645)
	at org.testng.internal.Invoker.invokeTestMethod(Invoker.java:851)
	at org.testng.internal.Invoker.invokeTestMethods(Invoker.java:1177)
	at org.testng.internal.TestMethodWorker.invokeTestMethods(TestMethodWorker.java:129)
	at org.testng.internal.TestMethodWorker.run(TestMethodWorker.java:112)
	at org.testng.TestRunner.privateRun(TestRunner.java:781)
	at org.testng.TestRunner.run(TestRunner.java:635)
	at org.testng.SuiteRunner.runTest(SuiteRunner.java:387)
	at org.testng.SuiteRunner.runSequentially(SuiteRunner.java:382)
	at org.testng.SuiteRunner.privateRun(SuiteRunner.java:340)
	at org.testng.SuiteRunner.run(SuiteRunner.java:289)
	at org.testng.SuiteRunnerWorker.runSuite(SuiteRunnerWorker.java:52)
	at org.testng.SuiteRunnerWorker.run(SuiteRunnerWorker.java:86)
	at org.testng.TestNG.runSuitesSequentially(TestNG.java:1293)
	at org.testng.TestNG.runSuitesLocally(TestNG.java:1218)
	at org.testng.TestNG.runSuites(TestNG.java:1133)
	at org.testng.TestNG.run(TestNG.java:1104)
	at org.testng.remote.AbstractRemoteTestNG.run(AbstractRemoteTestNG.java:114)
	at org.testng.remote.RemoteTestNG.initAndRun(RemoteTestNG.java:251)
	at org.testng.remote.RemoteTestNG.main(RemoteTestNG.java:77)
</pre></div></td>
<td>32</td>
<td>com.qmetry.qaf.automation.step.client.DataDrivenScenario@3e9</td></tr>
</table><p>
<table width='100%' border='1' class='invocation-passed'>
<tr><td colspan='4' align='center'><b>PASSED TESTS</b></td></tr>
<tr><td><b>Test method</b></td>
<td width="30%"><b>Exception</b></td>
<td width="10%"><b>Time (seconds)</b></td>
<td><b>Instance</b></td>
</tr>
<tr>
<td title='com.qmetry.qaf.automation.step.client.DataDrivenScenario.FlipKartWebOrderVerificationDataDriven()'><b>FlipKartWebOrderVerificationDataDriven</b><br>Test class: com.qmetry.qaf.automation.step.client.DataDrivenScenario (FlipKartWebOrderVerificationDataDriven)<br>Test method: end to end data driven<br>Parameters: {mainCategory=Appliances, subCategory=24 and below, sortby=Price -- High to Low, filterBy=Sony, productNumber=1, assured=flipkart assured}<br/>
<a href="#Output-1456061400" onClick='toggleBox("Output-1456061400", this, "Show output", "Hide output");'>Show output</a>

<a href="#Output-1456061400" onClick="toggleAllBoxes();">Show all outputs</a>
<div class='log' id="Output-1456061400">
<div style="display:block;margin-left:10px;"><div  class="teststeppass"><span class="teststeppass-label">T </span>Given user is on flipkart homepage</div><div style="display:block;margin-left:10px;"><div  class="pass"><span class="pass-label">P </span>
Expected: a string containing "Online Shopping Site for Mobiles, Fashion, Books, Electronics, Home Appliances and More"
     Actual: was "Online Shopping Site for Mobiles, Fashion, Books, Electronics, Home Appliances and More" <a href="test-results/01_Jan_2018_12_17_PM/img/FlipKartWebOrderVerificationDataDriven_1i0gk03jetw9t20439.png" target="_blank">[View Screenshot]</a> </div></div><div  class="teststeppass"><span class="teststeppass-label">T </span>When user selects product 24 and below from Appliances category</div><div  class="teststeppass"><span class="teststeppass-label">T </span>Then user should see product results</div><div style="display:block;margin-left:10px;"><div  class="pass"><span class="pass-label">P </span>
Expected: a value greater than &lt;0&gt;
     Actual: &lt;24&gt; was greater than &lt;0&gt; <a href="test-results/01_Jan_2018_12_17_PM/img/FlipKartWebOrderVerificationDataDriven_18pbmehr214ey20440.png" target="_blank">[View Screenshot]</a> </div></div><div  class="teststeppass"><span class="teststeppass-label">T </span>When user select sortby Price -- High to Low</div><div  class="teststeppass"><span class="teststeppass-label">T </span>And user select filterby Sony brand</div><div  class="teststeppass"><span class="teststeppass-label">T </span>Then user should see only product results</div><div style="display:block;margin-left:10px;"><div  class="pass"><span class="pass-label">P </span>
Expected: not &lt;31&gt;
     Actual: was &lt;2&gt; <a href="test-results/01_Jan_2018_12_17_PM/img/FlipKartWebOrderVerificationDataDriven_2c6khmd6blcd20441.png" target="_blank">[View Screenshot]</a> </div></div><div  class="teststeppass"><span class="teststeppass-label">T </span>When user selects 1 product from product list</div><div style="display:block;margin-left:10px;"><div  class="pass"><span class="pass-label">P </span>
Expected: &lt;true&gt;
     Actual: was &lt;true&gt; <a href="test-results/01_Jan_2018_12_17_PM/img/FlipKartWebOrderVerificationDataDriven_112jd617jbkh420442.png" target="_blank">[View Screenshot]</a> </div></div><div  class="teststeppass"><span class="teststeppass-label">T </span>Then user should see product details matching correctly</div><div style="display:block;margin-left:10px;"><div  class="pass"><span class="pass-label">P </span>
Expected: a string containing "Sony 59.9cm (24 inch) WXGA LED TV"
     Actual: was "Sony 59.9cm (24 inch) WXGA LED TV  (BRAVIA KLV-24P413D)" <a href="test-results/01_Jan_2018_12_17_PM/img/FlipKartWebOrderVerificationDataDriven_1gxqgokq6fsle20443.png" target="_blank">[View Screenshot]</a> </div><div  class="pass"><span class="pass-label">P </span>
Expected: a string containing "₹13,999"
     Actual: was "₹13,999" <a href="test-results/01_Jan_2018_12_17_PM/img/FlipKartWebOrderVerificationDataDriven_17550i9hdrb7e20444.png" target="_blank">[View Screenshot]</a> </div></div><div  class="teststeppass"><span class="teststeppass-label">T </span>When user selects view details</div><div style="display:block;margin-left:10px;"><div  class="pass"><span class="pass-label">P </span>
Expected: &lt;true&gt;
     Actual: was &lt;true&gt; <a href="test-results/01_Jan_2018_12_17_PM/img/FlipKartWebOrderVerificationDataDriven_1be0ykprdx6vi20445.png" target="_blank">[View Screenshot]</a> </div></div><div  class="teststeppass"><span class="teststeppass-label">T </span>Then user should see flipkart assured</div><div style="display:block;margin-left:10px;"><div  class="pass"><span class="pass-label">P </span>
Expected: &lt;true&gt;
     Actual: was &lt;true&gt; <a href="test-results/01_Jan_2018_12_17_PM/img/FlipKartWebOrderVerificationDataDriven_pdnw3ess467p20446.png" target="_blank">[View Screenshot]</a> </div></div><div  class="teststeppass"><span class="teststeppass-label">T </span>When user selects add to cart</div><div  class="teststeppass"><span class="teststeppass-label">T </span>Then product has been added to the cart</div><div style="display:block;margin-left:10px;"><div  class="pass"><span class="pass-label">P </span>
Expected: a value greater than &lt;0&gt;
     Actual: &lt;2&gt; was greater than &lt;0&gt; <a href="test-results/01_Jan_2018_12_17_PM/img/FlipKartWebOrderVerificationDataDriven_1dhcy8k4p2re620447.png" target="_blank">[View Screenshot]</a> </div><div  class="pass"><span class="pass-label">P </span>
Expected: a string containing "Sony 59.9cm (24 inch) WXGA LED TV"
     Actual: was "Sony 59.9cm (24 inch) WXGA LED TV" <a href="test-results/01_Jan_2018_12_17_PM/img/FlipKartWebOrderVerificationDataDriven_672s9mdkiz3o20448.png" target="_blank">[View Screenshot]</a> </div><div  class="pass"><span class="pass-label">P </span>
Expected: a string containing "₹13,999"
     Actual: was "₹13,999" <a href="test-results/01_Jan_2018_12_17_PM/img/FlipKartWebOrderVerificationDataDriven_1e8r6hthm6vzh20449.png" target="_blank">[View Screenshot]</a> </div></div></div><br/>
</div>
</td>
<td></td>
<td>16</td>
<td>com.qmetry.qaf.automation.step.client.DataDrivenScenario@3e9</td></tr>
<tr>
<td title='com.qmetry.qaf.automation.step.client.DataDrivenScenario.FlipKartWebOrderVerificationDataDriven()'><b>FlipKartWebOrderVerificationDataDriven</b><br>Test class: com.qmetry.qaf.automation.step.client.DataDrivenScenario (FlipKartWebOrderVerificationDataDriven)<br>Test method: end to end data driven<br>Parameters: {mainCategory=Appliances, subCategory=Semi Automatic Top Load, sortby=Price -- Low to High, filterBy=Godrej, productNumber=2, assured=flipkart assured}<br/>
<a href="#Output-1135935001" onClick='toggleBox("Output-1135935001", this, "Show output", "Hide output");'>Show output</a>

<a href="#Output-1135935001" onClick="toggleAllBoxes();">Show all outputs</a>
<div class='log' id="Output-1135935001">
<div style="display:block;margin-left:10px;"><div  class="teststeppass"><span class="teststeppass-label">T </span>Given user is on flipkart homepage</div><div style="display:block;margin-left:10px;"><div  class="pass"><span class="pass-label">P </span>
Expected: a string containing "Online Shopping Site for Mobiles, Fashion, Books, Electronics, Home Appliances and More"
     Actual: was "Online Shopping Site for Mobiles, Fashion, Books, Electronics, Home Appliances and More" <a href="test-results/01_Jan_2018_12_17_PM/img/FlipKartWebOrderVerificationDataDriven_1m2ybwsspe6220450.png" target="_blank">[View Screenshot]</a> </div></div><div  class="teststeppass"><span class="teststeppass-label">T </span>When user selects product Semi Automatic Top Load from Appliances category</div><div  class="teststeppass"><span class="teststeppass-label">T </span>Then user should see product results</div><div style="display:block;margin-left:10px;"><div  class="pass"><span class="pass-label">P </span>
Expected: a value greater than &lt;0&gt;
     Actual: &lt;24&gt; was greater than &lt;0&gt; <a href="test-results/01_Jan_2018_12_17_PM/img/FlipKartWebOrderVerificationDataDriven_1tk1pwfsvlss920451.png" target="_blank">[View Screenshot]</a> </div></div><div  class="teststeppass"><span class="teststeppass-label">T </span>When user select sortby Price -- Low to High</div><div  class="teststeppass"><span class="teststeppass-label">T </span>And user select filterby Godrej brand</div><div  class="teststeppass"><span class="teststeppass-label">T </span>Then user should see only product results</div><div style="display:block;margin-left:10px;"><div  class="pass"><span class="pass-label">P </span>
Expected: not &lt;111&gt;
     Actual: was &lt;18&gt; <a href="test-results/01_Jan_2018_12_17_PM/img/FlipKartWebOrderVerificationDataDriven_133riefwmwjay20452.png" target="_blank">[View Screenshot]</a> </div></div><div  class="teststeppass"><span class="teststeppass-label">T </span>When user selects 2 product from product list</div><div style="display:block;margin-left:10px;"><div  class="pass"><span class="pass-label">P </span>
Expected: &lt;true&gt;
     Actual: was &lt;true&gt; <a href="test-results/01_Jan_2018_12_17_PM/img/FlipKartWebOrderVerificationDataDriven_1ivurq2cciw3g20453.png" target="_blank">[View Screenshot]</a> </div></div><div  class="teststeppass"><span class="teststeppass-label">T </span>Then user should see product details matching correctly</div><div style="display:block;margin-left:10px;"><div  class="pass"><span class="pass-label">P </span>
Expected: a string containing "Godrej 6.2 kg Semi Automatic Top Load Washing Machine Red"
     Actual: was "Godrej 6.2 kg Semi Automatic Top Load Washing Machine Red  (GWS 6204 PPD)" <a href="test-results/01_Jan_2018_12_17_PM/img/FlipKartWebOrderVerificationDataDriven_h1w9i8228jfd20454.png" target="_blank">[View Screenshot]</a> </div><div  class="pass"><span class="pass-label">P </span>
Expected: a string containing "₹10,250"
     Actual: was "₹10,250" <a href="test-results/01_Jan_2018_12_17_PM/img/FlipKartWebOrderVerificationDataDriven_1ovqiriaqjh5b20455.png" target="_blank">[View Screenshot]</a> </div></div><div  class="teststeppass"><span class="teststeppass-label">T </span>When user selects view details</div><div style="display:block;margin-left:10px;"><div  class="pass"><span class="pass-label">P </span>
Expected: &lt;true&gt;
     Actual: was &lt;true&gt; <a href="test-results/01_Jan_2018_12_17_PM/img/FlipKartWebOrderVerificationDataDriven_1kw85zqxpay6z20456.png" target="_blank">[View Screenshot]</a> </div></div><div  class="teststeppass"><span class="teststeppass-label">T </span>Then user should see flipkart assured</div><div style="display:block;margin-left:10px;"><div  class="pass"><span class="pass-label">P </span>
Expected: &lt;true&gt;
     Actual: was &lt;true&gt; <a href="test-results/01_Jan_2018_12_17_PM/img/FlipKartWebOrderVerificationDataDriven_1ijnwiwflu8xv20457.png" target="_blank">[View Screenshot]</a> </div></div><div  class="teststeppass"><span class="teststeppass-label">T </span>When user selects add to cart</div><div  class="teststeppass"><span class="teststeppass-label">T </span>Then product has been added to the cart</div><div style="display:block;margin-left:10px;"><div  class="pass"><span class="pass-label">P </span>
Expected: a value greater than &lt;0&gt;
     Actual: &lt;3&gt; was greater than &lt;0&gt; <a href="test-results/01_Jan_2018_12_17_PM/img/FlipKartWebOrderVerificationDataDriven_bxopkjvx4xnn20458.png" target="_blank">[View Screenshot]</a> </div><div  class="pass"><span class="pass-label">P </span>
Expected: a string containing "Godrej 6.2 kg Semi Automatic Top Load Washing Machine Red"
     Actual: was "Godrej 6.2 kg Semi Automatic Top Load Washing Machine Red" <a href="test-results/01_Jan_2018_12_17_PM/img/FlipKartWebOrderVerificationDataDriven_jor8wu2jx05620459.png" target="_blank">[View Screenshot]</a> </div><div  class="pass"><span class="pass-label">P </span>
Expected: a string containing "₹10,250"
     Actual: was "₹10,250" <a href="test-results/01_Jan_2018_12_17_PM/img/FlipKartWebOrderVerificationDataDriven_1kdu5ivntvut020460.png" target="_blank">[View Screenshot]</a> </div></div></div><br/>
</div>
</td>
<td></td>
<td>16</td>
<td>com.qmetry.qaf.automation.step.client.DataDrivenScenario@3e9</td></tr>
<tr>
<td title='com.qmetry.qaf.automation.step.client.Scenario.FlipkartWebOrderVerification()'><b>FlipkartWebOrderVerification</b><br>Test class: com.qmetry.qaf.automation.step.client.Scenario (FlipkartWebOrderVerification)<br>Test method: end to end<br/>
<a href="#Output-967677821" onClick='toggleBox("Output-967677821", this, "Show output", "Hide output");'>Show output</a>

<a href="#Output-967677821" onClick="toggleAllBoxes();">Show all outputs</a>
<div class='log' id="Output-967677821">
<div style="display:block;margin-left:10px;"><div  class="teststeppass"><span class="teststeppass-label">T </span>Given user is on flipkart homepage</div><div style="display:block;margin-left:10px;"><div  class="pass"><span class="pass-label">P </span>
Expected: a string containing "Online Shopping Site for Mobiles, Fashion, Books, Electronics, Home Appliances and More"
     Actual: was "Online Shopping Site for Mobiles, Fashion, Books, Electronics, Home Appliances and More" <a href="test-results/01_Jan_2018_12_17_PM/img/FlipkartWebOrderVerification_1er1ffwz5ysbf20428.png" target="_blank">[View Screenshot]</a> </div></div><div  class="teststeppass"><span class="teststeppass-label">T </span>When user selects product 'Smart & Ultra HD' from 'Appliances' category</div><div  class="teststeppass"><span class="teststeppass-label">T </span>Then user should see product results</div><div style="display:block;margin-left:10px;"><div  class="pass"><span class="pass-label">P </span>
Expected: a value greater than &lt;0&gt;
     Actual: &lt;24&gt; was greater than &lt;0&gt; <a href="test-results/01_Jan_2018_12_17_PM/img/FlipkartWebOrderVerification_nmjjr2h9vvgb20429.png" target="_blank">[View Screenshot]</a> </div></div><div  class="teststeppass"><span class="teststeppass-label">T </span>When user select sortby 'Price -- High to Low'</div><div  class="teststeppass"><span class="teststeppass-label">T </span>And user select filterby 'Vu' brand</div><div  class="teststeppass"><span class="teststeppass-label">T </span>Then user should see only product results</div><div style="display:block;margin-left:10px;"><div  class="pass"><span class="pass-label">P </span>
Expected: not &lt;106&gt;
     Actual: was &lt;9&gt; <a href="test-results/01_Jan_2018_12_17_PM/img/FlipkartWebOrderVerification_nml08evxcnyb20430.png" target="_blank">[View Screenshot]</a> </div></div><div  class="teststeppass"><span class="teststeppass-label">T </span>When user selects '0' product from product list</div><div style="display:block;margin-left:10px;"><div  class="pass"><span class="pass-label">P </span>
Expected: &lt;true&gt;
     Actual: was &lt;true&gt; <a href="test-results/01_Jan_2018_12_17_PM/img/FlipkartWebOrderVerification_1tu9kkw55ikp920431.png" target="_blank">[View Screenshot]</a> </div></div><div  class="teststeppass"><span class="teststeppass-label">T </span>Then user should see product details matching correctly</div><div style="display:block;margin-left:10px;"><div  class="pass"><span class="pass-label">P </span>
Expected: a string containing "Vu 190cm (75 inch) Ultra HD (4K) LED Smart TV"
     Actual: was "Vu 190cm (75 inch) Ultra HD (4K) LED Smart TV  (H75K700)" <a href="test-results/01_Jan_2018_12_17_PM/img/FlipkartWebOrderVerification_arasdq2fn51620432.png" target="_blank">[View Screenshot]</a> </div><div  class="pass"><span class="pass-label">P </span>
Expected: a string containing "₹2,09,999"
     Actual: was "₹2,09,999" <a href="test-results/01_Jan_2018_12_17_PM/img/FlipkartWebOrderVerification_1sgct5x29gb9s20433.png" target="_blank">[View Screenshot]</a> </div></div><div  class="teststeppass"><span class="teststeppass-label">T </span>When user selects view details</div><div style="display:block;margin-left:10px;"><div  class="pass"><span class="pass-label">P </span>
Expected: &lt;true&gt;
     Actual: was &lt;true&gt; <a href="test-results/01_Jan_2018_12_17_PM/img/FlipkartWebOrderVerification_17800s55x9l9p20434.png" target="_blank">[View Screenshot]</a> </div></div><div  class="teststeppass"><span class="teststeppass-label">T </span>Then user should see 'flipkart assured'</div><div style="display:block;margin-left:10px;"><div  class="pass"><span class="pass-label">P </span>
Expected: &lt;true&gt;
     Actual: was &lt;true&gt; <a href="test-results/01_Jan_2018_12_17_PM/img/FlipkartWebOrderVerification_18fjgnbmipiwb20435.png" target="_blank">[View Screenshot]</a> </div></div><div  class="teststeppass"><span class="teststeppass-label">T </span>When user selects add to cart</div><div  class="teststeppass"><span class="teststeppass-label">T </span>Then product has been added to the cart</div><div style="display:block;margin-left:10px;"><div  class="pass"><span class="pass-label">P </span>
Expected: a value greater than &lt;0&gt;
     Actual: &lt;1&gt; was greater than &lt;0&gt; <a href="test-results/01_Jan_2018_12_17_PM/img/FlipkartWebOrderVerification_1d8wf6oq1lom220436.png" target="_blank">[View Screenshot]</a> </div><div  class="pass"><span class="pass-label">P </span>
Expected: a string containing "Vu 190cm (75 inch) Ultra HD (4K) LED Smart TV"
     Actual: was "Vu 190cm (75 inch) Ultra HD (4K) LED Smart TV" <a href="test-results/01_Jan_2018_12_17_PM/img/FlipkartWebOrderVerification_5q7qhtl0w57020437.png" target="_blank">[View Screenshot]</a> </div><div  class="pass"><span class="pass-label">P </span>
Expected: a string containing "₹2,09,999"
     Actual: was "₹2,09,999" <a href="test-results/01_Jan_2018_12_17_PM/img/FlipkartWebOrderVerification_yv2mog8ujxqi20438.png" target="_blank">[View Screenshot]</a> </div></div></div><br/>
</div>
</td>
<td></td>
<td>25</td>
<td>com.qmetry.qaf.automation.step.client.Scenario@3e8</td></tr>
</table><p>
</body>
</html>